2024-12-08 05:17:20 | [rl2_ppo_metaworld_ml10] Logging to /home/mateus/garage/src/garage/examples/tf/data/local/experiment/rl2_ppo_metaworld_ml10_4
2024-12-08 05:17:38 | [rl2_ppo_metaworld_ml10] Epoch 0 | Obtaining samples...
2024-12-08 05:17:38 | [rl2_ppo_metaworld_ml10] Epoch 0 | epoch #0 | Sampling for adapation and meta-testing...
2024-12-08 05:46:29 | [rl2_ppo_metaworld_ml10] Epoch 0 | epoch #0 | Finished meta-testing...
2024-12-08 05:47:29 | [rl2_ppo_metaworld_ml10] Epoch 0 | epoch #0 | Optimizing policy...
2024-12-08 05:47:30 | [rl2_ppo_metaworld_ml10] Epoch 0 | epoch #0 | Fitting baseline...
2024-12-08 05:47:30 | [rl2_ppo_metaworld_ml10] Epoch 0 | epoch #0 | Computing loss before
2024-12-08 05:47:31 | [rl2_ppo_metaworld_ml10] Epoch 0 | epoch #0 | Computing KL before
2024-12-08 05:47:31 | [rl2_ppo_metaworld_ml10] Epoch 0 | epoch #0 | Optimizing
2024-12-08 05:48:04 | [rl2_ppo_metaworld_ml10] Epoch 0 | epoch #0 | Computing KL after
2024-12-08 05:48:04 | [rl2_ppo_metaworld_ml10] Epoch 0 | epoch #0 | Computing loss after
2024-12-08 05:48:05 | [rl2_ppo_metaworld_ml10] Epoch 0 | epoch #0 | Saving snapshot...
2024-12-08 05:48:05 | [rl2_ppo_metaworld_ml10] Epoch 0 | epoch #0 | Saved
2024-12-08 05:48:05 | [rl2_ppo_metaworld_ml10] Epoch 0 | epoch #0 | Time 1827.27 s
2024-12-08 05:48:05 | [rl2_ppo_metaworld_ml10] Epoch 0 | epoch #0 | EpochTime 1827.27 s
-----------------------------------------------  --------------
Average/AverageDiscountedReturn                     30.2606
Average/AverageReturn                              111.261
Average/Iteration                                    0
Average/MaxReturn                                 4823.98
Average/MinReturn                                    1.27156
Average/NumEpisodes                                100
Average/StdReturn                                  481.595
Average/SuccessRate                                  0.02
Average/TerminationRate                              0
LinearFeatureBaseline/ExplainedVariance              0.738328
MetaTest/Average/AverageDiscountedReturn           268.467
MetaTest/Average/AverageReturn                     268.467
MetaTest/Average/Iteration                           0
MetaTest/Average/MaxReturn                        1735.81
MetaTest/Average/MinReturn                           0
MetaTest/Average/NumEpisodes                       250
MetaTest/Average/StdReturn                         363.171
MetaTest/Average/SuccessRate                         0
MetaTest/Average/TerminationRate                     0
MetaTest/door-close-v2/AverageDiscountedReturn     809.175
MetaTest/door-close-v2/AverageReturn               809.175
MetaTest/door-close-v2/Iteration                     0
MetaTest/door-close-v2/MaxReturn                  1735.81
MetaTest/door-close-v2/MinReturn                   169.155
MetaTest/door-close-v2/NumEpisodes                  50
MetaTest/door-close-v2/StdReturn                   445.566
MetaTest/door-close-v2/SuccessRate                   0
MetaTest/door-close-v2/TerminationRate               0
MetaTest/drawer-open-v2/AverageDiscountedReturn    369.726
MetaTest/drawer-open-v2/AverageReturn              369.726
MetaTest/drawer-open-v2/Iteration                    0
MetaTest/drawer-open-v2/MaxReturn                  381.218
MetaTest/drawer-open-v2/MinReturn                  360.033
MetaTest/drawer-open-v2/NumEpisodes                 50
MetaTest/drawer-open-v2/StdReturn                    5.35032
MetaTest/drawer-open-v2/SuccessRate                  0
MetaTest/drawer-open-v2/TerminationRate              0
MetaTest/lever-pull-v2/AverageDiscountedReturn     153.789
MetaTest/lever-pull-v2/AverageReturn               153.789
MetaTest/lever-pull-v2/Iteration                     0
MetaTest/lever-pull-v2/MaxReturn                   334.606
MetaTest/lever-pull-v2/MinReturn                    36.4323
MetaTest/lever-pull-v2/NumEpisodes                  50
MetaTest/lever-pull-v2/StdReturn                    77.8451
MetaTest/lever-pull-v2/SuccessRate                   0
MetaTest/lever-pull-v2/TerminationRate               0
MetaTest/shelf-place-v2/AverageDiscountedReturn      0
MetaTest/shelf-place-v2/AverageReturn                0
MetaTest/shelf-place-v2/Iteration                    0
MetaTest/shelf-place-v2/MaxReturn                    0
MetaTest/shelf-place-v2/MinReturn                    0
MetaTest/shelf-place-v2/NumEpisodes                 50
MetaTest/shelf-place-v2/StdReturn                    0
MetaTest/shelf-place-v2/SuccessRate                  0
MetaTest/shelf-place-v2/TerminationRate              0
MetaTest/sweep-into-v2/AverageDiscountedReturn       9.64279
MetaTest/sweep-into-v2/AverageReturn                 9.64279
MetaTest/sweep-into-v2/Iteration                     0
MetaTest/sweep-into-v2/MaxReturn                    19.3571
MetaTest/sweep-into-v2/MinReturn                     3.88535
MetaTest/sweep-into-v2/NumEpisodes                  50
MetaTest/sweep-into-v2/StdReturn                     3.86132
MetaTest/sweep-into-v2/SuccessRate                   0
MetaTest/sweep-into-v2/TerminationRate               0
TotalEnvSteps                                    50000
basketball-v2/AverageDiscountedReturn                1.35105
basketball-v2/AverageReturn                          3.25061
basketball-v2/Iteration                              0
basketball-v2/MaxReturn                              4.32497
basketball-v2/MinReturn                              2.65782
basketball-v2/NumEpisodes                           10
basketball-v2/StdReturn                              0.542497
basketball-v2/SuccessRate                            0
basketball-v2/TerminationRate                        0
button-press-topdown-v2/AverageDiscountedReturn     17.5659
button-press-topdown-v2/AverageReturn               50.2426
button-press-topdown-v2/Iteration                    0
button-press-topdown-v2/MaxReturn                   57.6335
button-press-topdown-v2/MinReturn                   44.7012
button-press-topdown-v2/NumEpisodes                 10
button-press-topdown-v2/StdReturn                    3.35019
button-press-topdown-v2/SuccessRate                  0
button-press-topdown-v2/TerminationRate              0
door-open-v2/AverageDiscountedReturn                39.8365
door-open-v2/AverageReturn                         182.083
door-open-v2/Iteration                               0
door-open-v2/MaxReturn                             188.17
door-open-v2/MinReturn                             177.127
door-open-v2/NumEpisodes                            10
door-open-v2/StdReturn                               3.66286
door-open-v2/SuccessRate                             0
door-open-v2/TerminationRate                         0
drawer-close-v2/AverageDiscountedReturn            127.967
drawer-close-v2/AverageReturn                      544.816
drawer-close-v2/Iteration                            0
drawer-close-v2/MaxReturn                         4823.98
drawer-close-v2/MinReturn                            2.51464
drawer-close-v2/NumEpisodes                         10
drawer-close-v2/StdReturn                         1437.06
drawer-close-v2/SuccessRate                          0.2
drawer-close-v2/TerminationRate                      0
peg-insert-side-v2/AverageDiscountedReturn           1.23279
peg-insert-side-v2/AverageReturn                     4.77429
peg-insert-side-v2/Iteration                         0
peg-insert-side-v2/MaxReturn                         6.50324
peg-insert-side-v2/MinReturn                         4.03569
peg-insert-side-v2/NumEpisodes                      10
peg-insert-side-v2/StdReturn                         0.700716
peg-insert-side-v2/SuccessRate                       0
peg-insert-side-v2/TerminationRate                   0
pick-place-v2/AverageDiscountedReturn                0.769524
pick-place-v2/AverageReturn                          1.73327
pick-place-v2/Iteration                              0
pick-place-v2/MaxReturn                              2.19616
pick-place-v2/MinReturn                              1.27156
pick-place-v2/NumEpisodes                           10
pick-place-v2/StdReturn                              0.254503
pick-place-v2/SuccessRate                            0
pick-place-v2/TerminationRate                        0
policy/Entropy                                       5.67088
policy/KL                                            0.00645511
policy/KLBefore                                      0
policy/LossAfter                                    -0.0434026
policy/LossBefore                                    0.0313846
policy/dLoss                                         0.0747872
push-v2/AverageDiscountedReturn                      2.12959
push-v2/AverageReturn                                4.5795
push-v2/Iteration                                    0
push-v2/MaxReturn                                    5.95438
push-v2/MinReturn                                    3.74402
push-v2/NumEpisodes                                 10
push-v2/StdReturn                                    0.667264
push-v2/SuccessRate                                  0
push-v2/TerminationRate                              0
reach-v2/AverageDiscountedReturn                    66.6179
reach-v2/AverageReturn                             138.9
reach-v2/Iteration                                   0
reach-v2/MaxReturn                                 176.258
reach-v2/MinReturn                                 110.75
reach-v2/NumEpisodes                                10
reach-v2/StdReturn                                  23.1283
reach-v2/SuccessRate                                 0
reach-v2/TerminationRate                             0
sweep-v2/AverageDiscountedReturn                     7.07575
sweep-v2/AverageReturn                              24.7396
sweep-v2/Iteration                                   0
sweep-v2/MaxReturn                                  26.9393
sweep-v2/MinReturn                                  22.6819
sweep-v2/NumEpisodes                                10
sweep-v2/StdReturn                                   1.51534
sweep-v2/SuccessRate                                 0
sweep-v2/TerminationRate                             0
window-open-v2/AverageDiscountedReturn              38.06
window-open-v2/AverageReturn                       157.488
window-open-v2/Iteration                             0
window-open-v2/MaxReturn                           183.142
window-open-v2/MinReturn                           136.161
window-open-v2/NumEpisodes                          10
window-open-v2/StdReturn                            12.8004
window-open-v2/SuccessRate                           0
window-open-v2/TerminationRate                       0
-----------------------------------------------  --------------
