2024-12-08 10:57:27 | [rl2_ppo_metaworld_ml10] Logging to /home/mateus/garage/src/garage/examples/tf/data/local/experiment/rl2_ppo_metaworld_ml10_5
2024-12-08 10:57:46 | [rl2_ppo_metaworld_ml10] Epoch 0 | Obtaining samples...
2024-12-08 10:57:46 | [rl2_ppo_metaworld_ml10] Epoch 0 | epoch #0 | Sampling for adapation and meta-testing...
2024-12-08 11:27:24 | [rl2_ppo_metaworld_ml10] Epoch 0 | epoch #0 | Finished meta-testing...
2024-12-08 11:28:27 | [rl2_ppo_metaworld_ml10] Epoch 0 | epoch #0 | Optimizing policy...
2024-12-08 11:28:27 | [rl2_ppo_metaworld_ml10] Epoch 0 | epoch #0 | Fitting baseline...
2024-12-08 11:28:27 | [rl2_ppo_metaworld_ml10] Epoch 0 | epoch #0 | Computing loss before
2024-12-08 11:28:28 | [rl2_ppo_metaworld_ml10] Epoch 0 | epoch #0 | Computing KL before
2024-12-08 11:28:28 | [rl2_ppo_metaworld_ml10] Epoch 0 | epoch #0 | Optimizing
2024-12-08 11:29:02 | [rl2_ppo_metaworld_ml10] Epoch 0 | epoch #0 | Computing KL after
2024-12-08 11:29:02 | [rl2_ppo_metaworld_ml10] Epoch 0 | epoch #0 | Computing loss after
2024-12-08 11:29:03 | [rl2_ppo_metaworld_ml10] Epoch 0 | epoch #0 | Saving snapshot...
2024-12-08 11:29:04 | [rl2_ppo_metaworld_ml10] Epoch 0 | epoch #0 | Saved
2024-12-08 11:29:04 | [rl2_ppo_metaworld_ml10] Epoch 0 | epoch #0 | Time 1877.78 s
2024-12-08 11:29:04 | [rl2_ppo_metaworld_ml10] Epoch 0 | epoch #0 | EpochTime 1877.78 s
-----------------------------------------------  --------------
Average/AverageDiscountedReturn                     30.2606
Average/AverageReturn                              111.261
Average/Iteration                                    0
Average/MaxReturn                                 4823.98
Average/MinReturn                                    1.27156
Average/NumEpisodes                                100
Average/StdReturn                                  481.595
Average/SuccessRate                                  0.02
Average/TerminationRate                              0
LinearFeatureBaseline/ExplainedVariance              0.738328
MetaTest/Average/AverageDiscountedReturn           268.467
MetaTest/Average/AverageReturn                     268.467
MetaTest/Average/Iteration                           0
MetaTest/Average/MaxReturn                        1735.81
MetaTest/Average/MinReturn                           0
MetaTest/Average/NumEpisodes                       250
MetaTest/Average/StdReturn                         363.171
MetaTest/Average/SuccessRate                         0
MetaTest/Average/TerminationRate                     0
MetaTest/door-close-v2/AverageDiscountedReturn     809.175
MetaTest/door-close-v2/AverageReturn               809.175
MetaTest/door-close-v2/Iteration                     0
MetaTest/door-close-v2/MaxReturn                  1735.81
MetaTest/door-close-v2/MinReturn                   169.155
MetaTest/door-close-v2/NumEpisodes                  50
MetaTest/door-close-v2/StdReturn                   445.566
MetaTest/door-close-v2/SuccessRate                   0
MetaTest/door-close-v2/TerminationRate               0
MetaTest/drawer-open-v2/AverageDiscountedReturn    369.726
MetaTest/drawer-open-v2/AverageReturn              369.726
MetaTest/drawer-open-v2/Iteration                    0
MetaTest/drawer-open-v2/MaxReturn                  381.218
MetaTest/drawer-open-v2/MinReturn                  360.033
MetaTest/drawer-open-v2/NumEpisodes                 50
MetaTest/drawer-open-v2/StdReturn                    5.35032
MetaTest/drawer-open-v2/SuccessRate                  0
MetaTest/drawer-open-v2/TerminationRate              0
MetaTest/lever-pull-v2/AverageDiscountedReturn     153.789
MetaTest/lever-pull-v2/AverageReturn               153.789
MetaTest/lever-pull-v2/Iteration                     0
MetaTest/lever-pull-v2/MaxReturn                   334.606
MetaTest/lever-pull-v2/MinReturn                    36.4323
MetaTest/lever-pull-v2/NumEpisodes                  50
MetaTest/lever-pull-v2/StdReturn                    77.8451
MetaTest/lever-pull-v2/SuccessRate                   0
MetaTest/lever-pull-v2/TerminationRate               0
MetaTest/shelf-place-v2/AverageDiscountedReturn      0
MetaTest/shelf-place-v2/AverageReturn                0
MetaTest/shelf-place-v2/Iteration                    0
MetaTest/shelf-place-v2/MaxReturn                    0
MetaTest/shelf-place-v2/MinReturn                    0
MetaTest/shelf-place-v2/NumEpisodes                 50
MetaTest/shelf-place-v2/StdReturn                    0
MetaTest/shelf-place-v2/SuccessRate                  0
MetaTest/shelf-place-v2/TerminationRate              0
MetaTest/sweep-into-v2/AverageDiscountedReturn       9.64279
MetaTest/sweep-into-v2/AverageReturn                 9.64279
MetaTest/sweep-into-v2/Iteration                     0
MetaTest/sweep-into-v2/MaxReturn                    19.3571
MetaTest/sweep-into-v2/MinReturn                     3.88535
MetaTest/sweep-into-v2/NumEpisodes                  50
MetaTest/sweep-into-v2/StdReturn                     3.86132
MetaTest/sweep-into-v2/SuccessRate                   0
MetaTest/sweep-into-v2/TerminationRate               0
TotalEnvSteps                                    50000
basketball-v2/AverageDiscountedReturn                1.35105
basketball-v2/AverageReturn                          3.25061
basketball-v2/Iteration                              0
basketball-v2/MaxReturn                              4.32497
basketball-v2/MinReturn                              2.65782
basketball-v2/NumEpisodes                           10
basketball-v2/StdReturn                              0.542497
basketball-v2/SuccessRate                            0
basketball-v2/TerminationRate                        0
button-press-topdown-v2/AverageDiscountedReturn     17.5659
button-press-topdown-v2/AverageReturn               50.2426
button-press-topdown-v2/Iteration                    0
button-press-topdown-v2/MaxReturn                   57.6335
button-press-topdown-v2/MinReturn                   44.7012
button-press-topdown-v2/NumEpisodes                 10
button-press-topdown-v2/StdReturn                    3.35019
button-press-topdown-v2/SuccessRate                  0
button-press-topdown-v2/TerminationRate              0
door-open-v2/AverageDiscountedReturn                39.8365
door-open-v2/AverageReturn                         182.083
door-open-v2/Iteration                               0
door-open-v2/MaxReturn                             188.17
door-open-v2/MinReturn                             177.127
door-open-v2/NumEpisodes                            10
door-open-v2/StdReturn                               3.66286
door-open-v2/SuccessRate                             0
door-open-v2/TerminationRate                         0
drawer-close-v2/AverageDiscountedReturn            127.967
drawer-close-v2/AverageReturn                      544.816
drawer-close-v2/Iteration                            0
drawer-close-v2/MaxReturn                         4823.98
drawer-close-v2/MinReturn                            2.51464
drawer-close-v2/NumEpisodes                         10
drawer-close-v2/StdReturn                         1437.06
drawer-close-v2/SuccessRate                          0.2
drawer-close-v2/TerminationRate                      0
peg-insert-side-v2/AverageDiscountedReturn           1.23279
peg-insert-side-v2/AverageReturn                     4.77429
peg-insert-side-v2/Iteration                         0
peg-insert-side-v2/MaxReturn                         6.50324
peg-insert-side-v2/MinReturn                         4.03569
peg-insert-side-v2/NumEpisodes                      10
peg-insert-side-v2/StdReturn                         0.700716
peg-insert-side-v2/SuccessRate                       0
peg-insert-side-v2/TerminationRate                   0
pick-place-v2/AverageDiscountedReturn                0.769524
pick-place-v2/AverageReturn                          1.73327
pick-place-v2/Iteration                              0
pick-place-v2/MaxReturn                              2.19616
pick-place-v2/MinReturn                              1.27156
pick-place-v2/NumEpisodes                           10
pick-place-v2/StdReturn                              0.254503
pick-place-v2/SuccessRate                            0
pick-place-v2/TerminationRate                        0
policy/Entropy                                       5.67088
policy/KL                                            0.00645511
policy/KLBefore                                      0
policy/LossAfter                                    -0.0434026
policy/LossBefore                                    0.0313846
policy/dLoss                                         0.0747872
push-v2/AverageDiscountedReturn                      2.12959
push-v2/AverageReturn                                4.5795
push-v2/Iteration                                    0
push-v2/MaxReturn                                    5.95438
push-v2/MinReturn                                    3.74402
push-v2/NumEpisodes                                 10
push-v2/StdReturn                                    0.667264
push-v2/SuccessRate                                  0
push-v2/TerminationRate                              0
reach-v2/AverageDiscountedReturn                    66.6179
reach-v2/AverageReturn                             138.9
reach-v2/Iteration                                   0
reach-v2/MaxReturn                                 176.258
reach-v2/MinReturn                                 110.75
reach-v2/NumEpisodes                                10
reach-v2/StdReturn                                  23.1283
reach-v2/SuccessRate                                 0
reach-v2/TerminationRate                             0
sweep-v2/AverageDiscountedReturn                     7.07575
sweep-v2/AverageReturn                              24.7396
sweep-v2/Iteration                                   0
sweep-v2/MaxReturn                                  26.9393
sweep-v2/MinReturn                                  22.6819
sweep-v2/NumEpisodes                                10
sweep-v2/StdReturn                                   1.51534
sweep-v2/SuccessRate                                 0
sweep-v2/TerminationRate                             0
window-open-v2/AverageDiscountedReturn              38.06
window-open-v2/AverageReturn                       157.488
window-open-v2/Iteration                             0
window-open-v2/MaxReturn                           183.142
window-open-v2/MinReturn                           136.161
window-open-v2/NumEpisodes                          10
window-open-v2/StdReturn                            12.8004
window-open-v2/SuccessRate                           0
window-open-v2/TerminationRate                       0
-----------------------------------------------  --------------
---------------------  -------
AverageTrainingReward  57.8054
---------------------  -------
2024-12-08 11:30:12 | [rl2_ppo_metaworld_ml10] Epoch 1 | Obtaining samples...
2024-12-08 11:31:14 | [rl2_ppo_metaworld_ml10] Epoch 1 | epoch #0 | Optimizing policy...
2024-12-08 11:31:15 | [rl2_ppo_metaworld_ml10] Epoch 1 | epoch #0 | Fitting baseline...
2024-12-08 11:31:15 | [rl2_ppo_metaworld_ml10] Epoch 1 | epoch #0 | Computing loss before
2024-12-08 11:31:15 | [rl2_ppo_metaworld_ml10] Epoch 1 | epoch #0 | Computing KL before
2024-12-08 11:31:16 | [rl2_ppo_metaworld_ml10] Epoch 1 | epoch #0 | Optimizing
2024-12-08 11:31:49 | [rl2_ppo_metaworld_ml10] Epoch 1 | epoch #0 | Computing KL after
2024-12-08 11:31:49 | [rl2_ppo_metaworld_ml10] Epoch 1 | epoch #0 | Computing loss after
2024-12-08 11:31:50 | [rl2_ppo_metaworld_ml10] Epoch 1 | epoch #0 | Saving snapshot...
2024-12-08 11:31:50 | [rl2_ppo_metaworld_ml10] Epoch 1 | epoch #0 | Saved
2024-12-08 11:31:50 | [rl2_ppo_metaworld_ml10] Epoch 1 | epoch #0 | Time 97.94 s
2024-12-08 11:31:50 | [rl2_ppo_metaworld_ml10] Epoch 1 | epoch #0 | EpochTime 97.94 s
-----------------------------------------------  ---------------
Average/AverageDiscountedReturn                      25.6049
Average/AverageReturn                               106.584
Average/Iteration                                     1
Average/MaxReturn                                  4446.1
Average/MinReturn                                     1.03063
Average/NumEpisodes                                 100
Average/StdReturn                                   442.719
Average/SuccessRate                                   0.01
Average/TerminationRate                               0
AverageTrainingReward                                57.8054
LinearFeatureBaseline/ExplainedVariance               0.814812
TotalEnvSteps                                    150000
basketball-v2/AverageDiscountedReturn                 1.8324
basketball-v2/AverageReturn                           4.69235
basketball-v2/Iteration                               1
basketball-v2/MaxReturn                               5.55735
basketball-v2/MinReturn                               3.4184
basketball-v2/NumEpisodes                            10
basketball-v2/StdReturn                               0.667816
basketball-v2/SuccessRate                             0
basketball-v2/TerminationRate                         0
button-press-topdown-v2/AverageDiscountedReturn      17.0077
button-press-topdown-v2/AverageReturn                48.1915
button-press-topdown-v2/Iteration                     1
button-press-topdown-v2/MaxReturn                    57.6336
button-press-topdown-v2/MinReturn                    42.3042
button-press-topdown-v2/NumEpisodes                  10
button-press-topdown-v2/StdReturn                     4.75885
button-press-topdown-v2/SuccessRate                   0
button-press-topdown-v2/TerminationRate               0
door-open-v2/AverageDiscountedReturn                 45.483
door-open-v2/AverageReturn                          190.75
door-open-v2/Iteration                                1
door-open-v2/MaxReturn                              226.125
door-open-v2/MinReturn                              181.659
door-open-v2/NumEpisodes                             10
door-open-v2/StdReturn                               12.2621
door-open-v2/SuccessRate                              0
door-open-v2/TerminationRate                          0
drawer-close-v2/AverageDiscountedReturn              64.9931
drawer-close-v2/AverageReturn                       455.041
drawer-close-v2/Iteration                             1
drawer-close-v2/MaxReturn                          4446.1
drawer-close-v2/MinReturn                             1.03063
drawer-close-v2/NumEpisodes                          10
drawer-close-v2/StdReturn                          1330.36
drawer-close-v2/SuccessRate                           0.1
drawer-close-v2/TerminationRate                       0
peg-insert-side-v2/AverageDiscountedReturn            1.15493
peg-insert-side-v2/AverageReturn                      2.89211
peg-insert-side-v2/Iteration                          1
peg-insert-side-v2/MaxReturn                          3.58573
peg-insert-side-v2/MinReturn                          2.28308
peg-insert-side-v2/NumEpisodes                       10
peg-insert-side-v2/StdReturn                          0.40995
peg-insert-side-v2/SuccessRate                        0
peg-insert-side-v2/TerminationRate                    0
pick-place-v2/AverageDiscountedReturn                 0.74648
pick-place-v2/AverageReturn                           1.85711
pick-place-v2/Iteration                               1
pick-place-v2/MaxReturn                               2.30279
pick-place-v2/MinReturn                               1.49255
pick-place-v2/NumEpisodes                            10
pick-place-v2/StdReturn                               0.263357
pick-place-v2/SuccessRate                             0
pick-place-v2/TerminationRate                         0
policy/Entropy                                        5.67448
policy/KL                                             0.00492828
policy/KLBefore                                       0
policy/LossAfter                                     -0.0840746
policy/LossBefore                                    -0.00625261
policy/dLoss                                          0.077822
push-v2/AverageDiscountedReturn                       3.02917
push-v2/AverageReturn                                 6.99274
push-v2/Iteration                                     1
push-v2/MaxReturn                                    12.6823
push-v2/MinReturn                                     5.31299
push-v2/NumEpisodes                                  10
push-v2/StdReturn                                     1.97713
push-v2/SuccessRate                                   0
push-v2/TerminationRate                               0
reach-v2/AverageDiscountedReturn                     77.5462
reach-v2/AverageReturn                              173.5
reach-v2/Iteration                                    1
reach-v2/MaxReturn                                  196.274
reach-v2/MinReturn                                  142.079
reach-v2/NumEpisodes                                 10
reach-v2/StdReturn                                   17.9454
reach-v2/SuccessRate                                  0
reach-v2/TerminationRate                              0
sweep-v2/AverageDiscountedReturn                      5.59205
sweep-v2/AverageReturn                               18.1723
sweep-v2/Iteration                                    1
sweep-v2/MaxReturn                                   20.483
sweep-v2/MinReturn                                   16.3223
sweep-v2/NumEpisodes                                 10
sweep-v2/StdReturn                                    1.17221
sweep-v2/SuccessRate                                  0
sweep-v2/TerminationRate                              0
window-open-v2/AverageDiscountedReturn               38.6639
window-open-v2/AverageReturn                        163.754
window-open-v2/Iteration                              1
window-open-v2/MaxReturn                            185.27
window-open-v2/MinReturn                            148.56
window-open-v2/NumEpisodes                           10
window-open-v2/StdReturn                             11.8477
window-open-v2/SuccessRate                            0
window-open-v2/TerminationRate                        0
-----------------------------------------------  ---------------
---------------------  -------
AverageTrainingReward  62.1368
---------------------  -------
2024-12-08 11:32:59 | [rl2_ppo_metaworld_ml10] Epoch 2 | Obtaining samples...
2024-12-08 11:34:02 | [rl2_ppo_metaworld_ml10] Epoch 2 | epoch #0 | Optimizing policy...
2024-12-08 11:34:02 | [rl2_ppo_metaworld_ml10] Epoch 2 | epoch #0 | Fitting baseline...
2024-12-08 11:34:02 | [rl2_ppo_metaworld_ml10] Epoch 2 | epoch #0 | Computing loss before
2024-12-08 11:34:03 | [rl2_ppo_metaworld_ml10] Epoch 2 | epoch #0 | Computing KL before
2024-12-08 11:34:03 | [rl2_ppo_metaworld_ml10] Epoch 2 | epoch #0 | Optimizing
2024-12-08 11:34:36 | [rl2_ppo_metaworld_ml10] Epoch 2 | epoch #0 | Computing KL after
2024-12-08 11:34:37 | [rl2_ppo_metaworld_ml10] Epoch 2 | epoch #0 | Computing loss after
2024-12-08 11:34:37 | [rl2_ppo_metaworld_ml10] Epoch 2 | epoch #0 | Saving snapshot...
2024-12-08 11:34:38 | [rl2_ppo_metaworld_ml10] Epoch 2 | epoch #0 | Saved
2024-12-08 11:34:38 | [rl2_ppo_metaworld_ml10] Epoch 2 | epoch #0 | Time 98.80 s
2024-12-08 11:34:38 | [rl2_ppo_metaworld_ml10] Epoch 2 | epoch #0 | EpochTime 98.80 s
-----------------------------------------------  ---------------
Average/AverageDiscountedReturn                      26.6796
Average/AverageReturn                               111.311
Average/Iteration                                     2
Average/MaxReturn                                  4663.81
Average/MinReturn                                     1.23319
Average/NumEpisodes                                 100
Average/StdReturn                                   464.397
Average/SuccessRate                                   0.01
Average/TerminationRate                               0
AverageTrainingReward                                62.1368
LinearFeatureBaseline/ExplainedVariance               0.865566
TotalEnvSteps                                    250000
basketball-v2/AverageDiscountedReturn                 1.4084
basketball-v2/AverageReturn                           3.77241
basketball-v2/Iteration                               2
basketball-v2/MaxReturn                               4.57909
basketball-v2/MinReturn                               3.01848
basketball-v2/NumEpisodes                            10
basketball-v2/StdReturn                               0.469002
basketball-v2/SuccessRate                             0
basketball-v2/TerminationRate                         0
button-press-topdown-v2/AverageDiscountedReturn      19.1205
button-press-topdown-v2/AverageReturn                59.0946
button-press-topdown-v2/Iteration                     2
button-press-topdown-v2/MaxReturn                    74.0985
button-press-topdown-v2/MinReturn                    50.3776
button-press-topdown-v2/NumEpisodes                  10
button-press-topdown-v2/StdReturn                     6.72945
button-press-topdown-v2/SuccessRate                   0
button-press-topdown-v2/TerminationRate               0
door-open-v2/AverageDiscountedReturn                 42.8815
door-open-v2/AverageReturn                          188.102
door-open-v2/Iteration                                2
door-open-v2/MaxReturn                              200.318
door-open-v2/MinReturn                              179.428
door-open-v2/NumEpisodes                             10
door-open-v2/StdReturn                                6.57907
door-open-v2/SuccessRate                              0
door-open-v2/TerminationRate                          0
drawer-close-v2/AverageDiscountedReturn              75.0311
drawer-close-v2/AverageReturn                       471.481
drawer-close-v2/Iteration                             2
drawer-close-v2/MaxReturn                          4663.81
drawer-close-v2/MinReturn                             1.23319
drawer-close-v2/NumEpisodes                          10
drawer-close-v2/StdReturn                          1397.45
drawer-close-v2/SuccessRate                           0.1
drawer-close-v2/TerminationRate                       0
peg-insert-side-v2/AverageDiscountedReturn            0.881596
peg-insert-side-v2/AverageReturn                      2.18798
peg-insert-side-v2/Iteration                          2
peg-insert-side-v2/MaxReturn                          2.68685
peg-insert-side-v2/MinReturn                          1.77957
peg-insert-side-v2/NumEpisodes                       10
peg-insert-side-v2/StdReturn                          0.285364
peg-insert-side-v2/SuccessRate                        0
peg-insert-side-v2/TerminationRate                    0
pick-place-v2/AverageDiscountedReturn                 0.970548
pick-place-v2/AverageReturn                           2.70749
pick-place-v2/Iteration                               2
pick-place-v2/MaxReturn                               3.37762
pick-place-v2/MinReturn                               1.78803
pick-place-v2/NumEpisodes                            10
pick-place-v2/StdReturn                               0.430929
pick-place-v2/SuccessRate                             0
pick-place-v2/TerminationRate                         0
policy/Entropy                                        5.67979
policy/KL                                             0.00448955
policy/KLBefore                                       0
policy/LossAfter                                     -0.200595
policy/LossBefore                                    -0.150564
policy/dLoss                                          0.0500309
push-v2/AverageDiscountedReturn                       1.94438
push-v2/AverageReturn                                 4.83556
push-v2/Iteration                                     2
push-v2/MaxReturn                                     5.96761
push-v2/MinReturn                                     4.01161
push-v2/NumEpisodes                                  10
push-v2/StdReturn                                     0.541113
push-v2/SuccessRate                                   0
push-v2/TerminationRate                               0
reach-v2/AverageDiscountedReturn                     78.2865
reach-v2/AverageReturn                              193.091
reach-v2/Iteration                                    2
reach-v2/MaxReturn                                  240.252
reach-v2/MinReturn                                  148.761
reach-v2/NumEpisodes                                 10
reach-v2/StdReturn                                   27.9366
reach-v2/SuccessRate                                  0
reach-v2/TerminationRate                              0
sweep-v2/AverageDiscountedReturn                      7.25097
sweep-v2/AverageReturn                               21.3499
sweep-v2/Iteration                                    2
sweep-v2/MaxReturn                                   23.7139
sweep-v2/MinReturn                                   18.9723
sweep-v2/NumEpisodes                                 10
sweep-v2/StdReturn                                    1.72134
sweep-v2/SuccessRate                                  0
sweep-v2/TerminationRate                              0
window-open-v2/AverageDiscountedReturn               39.0207
window-open-v2/AverageReturn                        166.487
window-open-v2/Iteration                              2
window-open-v2/MaxReturn                            191.006
window-open-v2/MinReturn                            153.679
window-open-v2/NumEpisodes                           10
window-open-v2/StdReturn                             11.6441
window-open-v2/SuccessRate                            0
window-open-v2/TerminationRate                        0
-----------------------------------------------  ---------------
---------------------  -------
AverageTrainingReward  160.784
---------------------  -------
2024-12-08 11:35:47 | [rl2_ppo_metaworld_ml10] Epoch 3 | Obtaining samples...
2024-12-08 11:36:49 | [rl2_ppo_metaworld_ml10] Epoch 3 | epoch #0 | Optimizing policy...
2024-12-08 11:36:50 | [rl2_ppo_metaworld_ml10] Epoch 3 | epoch #0 | Fitting baseline...
2024-12-08 11:36:50 | [rl2_ppo_metaworld_ml10] Epoch 3 | epoch #0 | Computing loss before
2024-12-08 11:36:50 | [rl2_ppo_metaworld_ml10] Epoch 3 | epoch #0 | Computing KL before
2024-12-08 11:36:51 | [rl2_ppo_metaworld_ml10] Epoch 3 | epoch #0 | Optimizing
2024-12-08 11:37:24 | [rl2_ppo_metaworld_ml10] Epoch 3 | epoch #0 | Computing KL after
2024-12-08 11:37:24 | [rl2_ppo_metaworld_ml10] Epoch 3 | epoch #0 | Computing loss after
2024-12-08 11:37:25 | [rl2_ppo_metaworld_ml10] Epoch 3 | epoch #0 | Saving snapshot...
2024-12-08 11:37:25 | [rl2_ppo_metaworld_ml10] Epoch 3 | epoch #0 | Saved
2024-12-08 11:37:25 | [rl2_ppo_metaworld_ml10] Epoch 3 | epoch #0 | Time 98.03 s
2024-12-08 11:37:25 | [rl2_ppo_metaworld_ml10] Epoch 3 | epoch #0 | EpochTime 98.03 s
-----------------------------------------------  ---------------
Average/AverageDiscountedReturn                      30.078
Average/AverageReturn                               125.966
Average/Iteration                                     3
Average/MaxReturn                                  4852.94
Average/MinReturn                                     1.02761
Average/NumEpisodes                                 100
Average/StdReturn                                   485.584
Average/SuccessRate                                   0.01
Average/TerminationRate                               0
AverageTrainingReward                               160.784
LinearFeatureBaseline/ExplainedVariance               0.801355
TotalEnvSteps                                    350000
basketball-v2/AverageDiscountedReturn                 1.94909
basketball-v2/AverageReturn                           5.02499
basketball-v2/Iteration                               3
basketball-v2/MaxReturn                               8.8815
basketball-v2/MinReturn                               3.27686
basketball-v2/NumEpisodes                            10
basketball-v2/StdReturn                               1.52685
basketball-v2/SuccessRate                             0
basketball-v2/TerminationRate                         0
button-press-topdown-v2/AverageDiscountedReturn      22.361
button-press-topdown-v2/AverageReturn                76.1022
button-press-topdown-v2/Iteration                     3
button-press-topdown-v2/MaxReturn                    98.7296
button-press-topdown-v2/MinReturn                    68.9976
button-press-topdown-v2/NumEpisodes                  10
button-press-topdown-v2/StdReturn                     8.41168
button-press-topdown-v2/SuccessRate                   0
button-press-topdown-v2/TerminationRate               0
door-open-v2/AverageDiscountedReturn                 45.9724
door-open-v2/AverageReturn                          198.633
door-open-v2/Iteration                                3
door-open-v2/MaxReturn                              230.076
door-open-v2/MinReturn                              182.371
door-open-v2/NumEpisodes                             10
door-open-v2/StdReturn                               17.974
door-open-v2/SuccessRate                              0
door-open-v2/TerminationRate                          0
drawer-close-v2/AverageDiscountedReturn              89.8109
drawer-close-v2/AverageReturn                       490.341
drawer-close-v2/Iteration                             3
drawer-close-v2/MaxReturn                          4852.94
drawer-close-v2/MinReturn                             1.02761
drawer-close-v2/NumEpisodes                          10
drawer-close-v2/StdReturn                          1454.2
drawer-close-v2/SuccessRate                           0.1
drawer-close-v2/TerminationRate                       0
peg-insert-side-v2/AverageDiscountedReturn            1.56426
peg-insert-side-v2/AverageReturn                      5.78849
peg-insert-side-v2/Iteration                          3
peg-insert-side-v2/MaxReturn                          7.47524
peg-insert-side-v2/MinReturn                          4.8707
peg-insert-side-v2/NumEpisodes                       10
peg-insert-side-v2/StdReturn                          0.880449
peg-insert-side-v2/SuccessRate                        0
peg-insert-side-v2/TerminationRate                    0
pick-place-v2/AverageDiscountedReturn                 0.790917
pick-place-v2/AverageReturn                           1.93228
pick-place-v2/Iteration                               3
pick-place-v2/MaxReturn                               2.67203
pick-place-v2/MinReturn                               1.3186
pick-place-v2/NumEpisodes                            10
pick-place-v2/StdReturn                               0.328104
pick-place-v2/SuccessRate                             0
pick-place-v2/TerminationRate                         0
policy/Entropy                                        5.6759
policy/KL                                             0.00644596
policy/KLBefore                                       0
policy/LossAfter                                     -0.0752921
policy/LossBefore                                    -0.00461926
policy/dLoss                                          0.0706728
push-v2/AverageDiscountedReturn                       2.21255
push-v2/AverageReturn                                 4.8631
push-v2/Iteration                                     3
push-v2/MaxReturn                                     5.8674
push-v2/MinReturn                                     3.84581
push-v2/NumEpisodes                                  10
push-v2/StdReturn                                     0.771511
push-v2/SuccessRate                                   0
push-v2/TerminationRate                               0
reach-v2/AverageDiscountedReturn                     91.7098
reach-v2/AverageReturn                              291.229
reach-v2/Iteration                                    3
reach-v2/MaxReturn                                  412.851
reach-v2/MinReturn                                  224.217
reach-v2/NumEpisodes                                 10
reach-v2/StdReturn                                   55.6365
reach-v2/SuccessRate                                  0
reach-v2/TerminationRate                              0
sweep-v2/AverageDiscountedReturn                      6.47788
sweep-v2/AverageReturn                               21.5264
sweep-v2/Iteration                                    3
sweep-v2/MaxReturn                                   24.7643
sweep-v2/MinReturn                                   18.8222
sweep-v2/NumEpisodes                                 10
sweep-v2/StdReturn                                    1.9405
sweep-v2/SuccessRate                                  0
sweep-v2/TerminationRate                              0
window-open-v2/AverageDiscountedReturn               37.9312
window-open-v2/AverageReturn                        164.222
window-open-v2/Iteration                              3
window-open-v2/MaxReturn                            187.548
window-open-v2/MinReturn                            120.928
window-open-v2/NumEpisodes                           10
window-open-v2/StdReturn                             19.3167
window-open-v2/SuccessRate                            0
window-open-v2/TerminationRate                        0
-----------------------------------------------  ---------------
---------------------  -------
AverageTrainingReward  197.843
---------------------  -------
2024-12-08 11:38:35 | [rl2_ppo_metaworld_ml10] Epoch 4 | Obtaining samples...
2024-12-08 11:39:37 | [rl2_ppo_metaworld_ml10] Epoch 4 | epoch #0 | Optimizing policy...
2024-12-08 11:39:38 | [rl2_ppo_metaworld_ml10] Epoch 4 | epoch #0 | Fitting baseline...
2024-12-08 11:39:38 | [rl2_ppo_metaworld_ml10] Epoch 4 | epoch #0 | Computing loss before
2024-12-08 11:39:38 | [rl2_ppo_metaworld_ml10] Epoch 4 | epoch #0 | Computing KL before
2024-12-08 11:39:39 | [rl2_ppo_metaworld_ml10] Epoch 4 | epoch #0 | Optimizing
2024-12-08 11:40:12 | [rl2_ppo_metaworld_ml10] Epoch 4 | epoch #0 | Computing KL after
2024-12-08 11:40:13 | [rl2_ppo_metaworld_ml10] Epoch 4 | epoch #0 | Computing loss after
2024-12-08 11:40:13 | [rl2_ppo_metaworld_ml10] Epoch 4 | epoch #0 | Saving snapshot...
2024-12-08 11:40:14 | [rl2_ppo_metaworld_ml10] Epoch 4 | epoch #0 | Saved
2024-12-08 11:40:14 | [rl2_ppo_metaworld_ml10] Epoch 4 | epoch #0 | Time 99.29 s
2024-12-08 11:40:14 | [rl2_ppo_metaworld_ml10] Epoch 4 | epoch #0 | EpochTime 99.29 s
-----------------------------------------------  ----------------
Average/AverageDiscountedReturn                      18.9084
Average/AverageReturn                                64.2371
Average/Iteration                                     4
Average/MaxReturn                                   218.687
Average/MinReturn                                     1.64264
Average/NumEpisodes                                 100
Average/StdReturn                                    78.9755
Average/SuccessRate                                   0
Average/TerminationRate                               0
AverageTrainingReward                               197.843
LinearFeatureBaseline/ExplainedVariance               0.848805
TotalEnvSteps                                    450000
basketball-v2/AverageDiscountedReturn                 1.63825
basketball-v2/AverageReturn                           4.10531
basketball-v2/Iteration                               4
basketball-v2/MaxReturn                               5.59999
basketball-v2/MinReturn                               3.13683
basketball-v2/NumEpisodes                            10
basketball-v2/StdReturn                               0.724303
basketball-v2/SuccessRate                             0
basketball-v2/TerminationRate                         0
button-press-topdown-v2/AverageDiscountedReturn      19.4046
button-press-topdown-v2/AverageReturn                59.4037
button-press-topdown-v2/Iteration                     4
button-press-topdown-v2/MaxReturn                    74.1257
button-press-topdown-v2/MinReturn                    45.7043
button-press-topdown-v2/NumEpisodes                  10
button-press-topdown-v2/StdReturn                     8.43482
button-press-topdown-v2/SuccessRate                   0
button-press-topdown-v2/TerminationRate               0
door-open-v2/AverageDiscountedReturn                 42.3843
door-open-v2/AverageReturn                          190.657
door-open-v2/Iteration                                4
door-open-v2/MaxReturn                              216.842
door-open-v2/MinReturn                              182.611
door-open-v2/NumEpisodes                             10
door-open-v2/StdReturn                                9.74465
door-open-v2/SuccessRate                              0
door-open-v2/TerminationRate                          0
drawer-close-v2/AverageDiscountedReturn               4.12874
drawer-close-v2/AverageReturn                         4.66967
drawer-close-v2/Iteration                             4
drawer-close-v2/MaxReturn                             7.55005
drawer-close-v2/MinReturn                             2.26672
drawer-close-v2/NumEpisodes                          10
drawer-close-v2/StdReturn                             1.7565
drawer-close-v2/SuccessRate                           0
drawer-close-v2/TerminationRate                       0
peg-insert-side-v2/AverageDiscountedReturn            1.49534
peg-insert-side-v2/AverageReturn                      3.75677
peg-insert-side-v2/Iteration                          4
peg-insert-side-v2/MaxReturn                          4.62673
peg-insert-side-v2/MinReturn                          2.70839
peg-insert-side-v2/NumEpisodes                       10
peg-insert-side-v2/StdReturn                          0.554431
peg-insert-side-v2/SuccessRate                        0
peg-insert-side-v2/TerminationRate                    0
pick-place-v2/AverageDiscountedReturn                 0.73223
pick-place-v2/AverageReturn                           2.07411
pick-place-v2/Iteration                               4
pick-place-v2/MaxReturn                               2.58828
pick-place-v2/MinReturn                               1.64264
pick-place-v2/NumEpisodes                            10
pick-place-v2/StdReturn                               0.300846
pick-place-v2/SuccessRate                             0
pick-place-v2/TerminationRate                         0
policy/Entropy                                        5.67013
policy/KL                                             0.0055787
policy/KLBefore                                       0
policy/LossAfter                                      0.000751934
policy/LossBefore                                     0.00553279
policy/dLoss                                          0.00478086
push-v2/AverageDiscountedReturn                       2.01985
push-v2/AverageReturn                                 4.54285
push-v2/Iteration                                     4
push-v2/MaxReturn                                     5.92172
push-v2/MinReturn                                     3.68329
push-v2/NumEpisodes                                  10
push-v2/StdReturn                                     0.591015
push-v2/SuccessRate                                   0
push-v2/TerminationRate                               0
reach-v2/AverageDiscountedReturn                     72.08
reach-v2/AverageReturn                              187.892
reach-v2/Iteration                                    4
reach-v2/MaxReturn                                  218.687
reach-v2/MinReturn                                  149.786
reach-v2/NumEpisodes                                 10
reach-v2/StdReturn                                   20.9376
reach-v2/SuccessRate                                  0
reach-v2/TerminationRate                              0
sweep-v2/AverageDiscountedReturn                      5.93725
sweep-v2/AverageReturn                               20.3823
sweep-v2/Iteration                                    4
sweep-v2/MaxReturn                                   28.2407
sweep-v2/MinReturn                                   15.3671
sweep-v2/NumEpisodes                                 10
sweep-v2/StdReturn                                    3.6021
sweep-v2/SuccessRate                                  0
sweep-v2/TerminationRate                              0
window-open-v2/AverageDiscountedReturn               39.2631
window-open-v2/AverageReturn                        164.888
window-open-v2/Iteration                              4
window-open-v2/MaxReturn                            180.892
window-open-v2/MinReturn                            139.438
window-open-v2/NumEpisodes                           10
window-open-v2/StdReturn                             12.2603
window-open-v2/SuccessRate                            0
window-open-v2/TerminationRate                        0
-----------------------------------------------  ----------------
---------------------  -------
AverageTrainingReward  73.9908
---------------------  -------
2024-12-08 11:41:23 | [rl2_ppo_metaworld_ml10] Epoch 5 | Obtaining samples...
2024-12-08 11:42:25 | [rl2_ppo_metaworld_ml10] Epoch 5 | epoch #0 | Optimizing policy...
2024-12-08 11:42:25 | [rl2_ppo_metaworld_ml10] Epoch 5 | epoch #0 | Fitting baseline...
2024-12-08 11:42:25 | [rl2_ppo_metaworld_ml10] Epoch 5 | epoch #0 | Computing loss before
2024-12-08 11:42:26 | [rl2_ppo_metaworld_ml10] Epoch 5 | epoch #0 | Computing KL before
2024-12-08 11:42:26 | [rl2_ppo_metaworld_ml10] Epoch 5 | epoch #0 | Optimizing
2024-12-08 11:42:59 | [rl2_ppo_metaworld_ml10] Epoch 5 | epoch #0 | Computing KL after
2024-12-08 11:42:59 | [rl2_ppo_metaworld_ml10] Epoch 5 | epoch #0 | Computing loss after
2024-12-08 11:43:00 | [rl2_ppo_metaworld_ml10] Epoch 5 | epoch #0 | Saving snapshot...
2024-12-08 11:43:00 | [rl2_ppo_metaworld_ml10] Epoch 5 | epoch #0 | Saved
2024-12-08 11:43:00 | [rl2_ppo_metaworld_ml10] Epoch 5 | epoch #0 | Time 97.57 s
2024-12-08 11:43:00 | [rl2_ppo_metaworld_ml10] Epoch 5 | epoch #0 | EpochTime 97.57 s
-----------------------------------------------  ---------------
Average/AverageDiscountedReturn                      38.0313
Average/AverageReturn                               181.266
Average/Iteration                                     5
Average/MaxReturn                                  4683.38
Average/MinReturn                                     1.2553
Average/NumEpisodes                                 100
Average/StdReturn                                   649.364
Average/SuccessRate                                   0.02
Average/TerminationRate                               0
AverageTrainingReward                                73.9908
LinearFeatureBaseline/ExplainedVariance               0.792893
TotalEnvSteps                                    550000
basketball-v2/AverageDiscountedReturn                 2.49554
basketball-v2/AverageReturn                           6.72044
basketball-v2/Iteration                               5
basketball-v2/MaxReturn                              10.4758
basketball-v2/MinReturn                               3.6691
basketball-v2/NumEpisodes                            10
basketball-v2/StdReturn                               1.93888
basketball-v2/SuccessRate                             0
basketball-v2/TerminationRate                         0
button-press-topdown-v2/AverageDiscountedReturn      22.7798
button-press-topdown-v2/AverageReturn                80.3633
button-press-topdown-v2/Iteration                     5
button-press-topdown-v2/MaxReturn                    94.3846
button-press-topdown-v2/MinReturn                    71.8726
button-press-topdown-v2/NumEpisodes                  10
button-press-topdown-v2/StdReturn                     6.57601
button-press-topdown-v2/SuccessRate                   0
button-press-topdown-v2/TerminationRate               0
door-open-v2/AverageDiscountedReturn                 56.5448
door-open-v2/AverageReturn                          248.732
door-open-v2/Iteration                                5
door-open-v2/MaxReturn                              314.517
door-open-v2/MinReturn                              187.644
door-open-v2/NumEpisodes                             10
door-open-v2/StdReturn                               48.8652
door-open-v2/SuccessRate                              0
door-open-v2/TerminationRate                          0
drawer-close-v2/AverageDiscountedReturn             148.758
drawer-close-v2/AverageReturn                       943.896
drawer-close-v2/Iteration                             5
drawer-close-v2/MaxReturn                          4683.38
drawer-close-v2/MinReturn                             2.89708
drawer-close-v2/NumEpisodes                          10
drawer-close-v2/StdReturn                          1858.09
drawer-close-v2/SuccessRate                           0.2
drawer-close-v2/TerminationRate                       0
peg-insert-side-v2/AverageDiscountedReturn            2.05757
peg-insert-side-v2/AverageReturn                      6.76411
peg-insert-side-v2/Iteration                          5
peg-insert-side-v2/MaxReturn                         10.6784
peg-insert-side-v2/MinReturn                          5.01247
peg-insert-side-v2/NumEpisodes                       10
peg-insert-side-v2/StdReturn                          1.89647
peg-insert-side-v2/SuccessRate                        0
peg-insert-side-v2/TerminationRate                    0
pick-place-v2/AverageDiscountedReturn                 0.488352
pick-place-v2/AverageReturn                           1.52885
pick-place-v2/Iteration                               5
pick-place-v2/MaxReturn                               2.08953
pick-place-v2/MinReturn                               1.2553
pick-place-v2/NumEpisodes                            10
pick-place-v2/StdReturn                               0.230958
pick-place-v2/SuccessRate                             0
pick-place-v2/TerminationRate                         0
policy/Entropy                                        5.67091
policy/KL                                             0.00521869
policy/KLBefore                                       0
policy/LossAfter                                     -0.131282
policy/LossBefore                                    -0.0301826
policy/dLoss                                          0.1011
push-v2/AverageDiscountedReturn                       1.93982
push-v2/AverageReturn                                 4.53378
push-v2/Iteration                                     5
push-v2/MaxReturn                                     5.29784
push-v2/MinReturn                                     3.65497
push-v2/NumEpisodes                                  10
push-v2/StdReturn                                     0.61987
push-v2/SuccessRate                                   0
push-v2/TerminationRate                               0
reach-v2/AverageDiscountedReturn                     96.5899
reach-v2/AverageReturn                              298.2
reach-v2/Iteration                                    5
reach-v2/MaxReturn                                  401.268
reach-v2/MinReturn                                  229.917
reach-v2/NumEpisodes                                 10
reach-v2/StdReturn                                   56.1784
reach-v2/SuccessRate                                  0
reach-v2/TerminationRate                              0
sweep-v2/AverageDiscountedReturn                      7.93967
sweep-v2/AverageReturn                               26.6959
sweep-v2/Iteration                                    5
sweep-v2/MaxReturn                                   31.8648
sweep-v2/MinReturn                                   20.335
sweep-v2/NumEpisodes                                 10
sweep-v2/StdReturn                                    3.65673
sweep-v2/SuccessRate                                  0
sweep-v2/TerminationRate                              0
window-open-v2/AverageDiscountedReturn               40.7191
window-open-v2/AverageReturn                        195.223
window-open-v2/Iteration                              5
window-open-v2/MaxReturn                            208.145
window-open-v2/MinReturn                            184.87
window-open-v2/NumEpisodes                           10
window-open-v2/StdReturn                              8.1742
window-open-v2/SuccessRate                            0
window-open-v2/TerminationRate                        0
-----------------------------------------------  ---------------
---------------------  -------
AverageTrainingReward  178.977
---------------------  -------
2024-12-08 11:44:09 | [rl2_ppo_metaworld_ml10] Epoch 6 | Obtaining samples...
2024-12-08 11:45:11 | [rl2_ppo_metaworld_ml10] Epoch 6 | epoch #0 | Optimizing policy...
2024-12-08 11:45:11 | [rl2_ppo_metaworld_ml10] Epoch 6 | epoch #0 | Fitting baseline...
2024-12-08 11:45:11 | [rl2_ppo_metaworld_ml10] Epoch 6 | epoch #0 | Computing loss before
2024-12-08 11:45:12 | [rl2_ppo_metaworld_ml10] Epoch 6 | epoch #0 | Computing KL before
2024-12-08 11:45:12 | [rl2_ppo_metaworld_ml10] Epoch 6 | epoch #0 | Optimizing
2024-12-08 11:45:46 | [rl2_ppo_metaworld_ml10] Epoch 6 | epoch #0 | Computing KL after
2024-12-08 11:45:46 | [rl2_ppo_metaworld_ml10] Epoch 6 | epoch #0 | Computing loss after
2024-12-08 11:45:47 | [rl2_ppo_metaworld_ml10] Epoch 6 | epoch #0 | Saving snapshot...
2024-12-08 11:45:47 | [rl2_ppo_metaworld_ml10] Epoch 6 | epoch #0 | Saved
2024-12-08 11:45:47 | [rl2_ppo_metaworld_ml10] Epoch 6 | epoch #0 | Time 97.80 s
2024-12-08 11:45:47 | [rl2_ppo_metaworld_ml10] Epoch 6 | epoch #0 | EpochTime 97.80 s
-----------------------------------------------  ---------------
Average/AverageDiscountedReturn                      30.8493
Average/AverageReturn                               132.872
Average/Iteration                                     6
Average/MaxReturn                                  4753.99
Average/MinReturn                                     0.597001
Average/NumEpisodes                                 100
Average/StdReturn                                   478.555
Average/SuccessRate                                   0.01
Average/TerminationRate                               0
AverageTrainingReward                               178.977
LinearFeatureBaseline/ExplainedVariance               0.612382
TotalEnvSteps                                    650000
basketball-v2/AverageDiscountedReturn                 1.88634
basketball-v2/AverageReturn                           4.95701
basketball-v2/Iteration                               6
basketball-v2/MaxReturn                               6.19548
basketball-v2/MinReturn                               4.0676
basketball-v2/NumEpisodes                            10
basketball-v2/StdReturn                               0.644343
basketball-v2/SuccessRate                             0
basketball-v2/TerminationRate                         0
button-press-topdown-v2/AverageDiscountedReturn      21.0444
button-press-topdown-v2/AverageReturn                69.3221
button-press-topdown-v2/Iteration                     6
button-press-topdown-v2/MaxReturn                    91.5979
button-press-topdown-v2/MinReturn                    55.2363
button-press-topdown-v2/NumEpisodes                  10
button-press-topdown-v2/StdReturn                    11.6871
button-press-topdown-v2/SuccessRate                   0
button-press-topdown-v2/TerminationRate               0
door-open-v2/AverageDiscountedReturn                 57.2034
door-open-v2/AverageReturn                          264.396
door-open-v2/Iteration                                6
door-open-v2/MaxReturn                              290.249
door-open-v2/MinReturn                              183.202
door-open-v2/NumEpisodes                             10
door-open-v2/StdReturn                               32.6497
door-open-v2/SuccessRate                              0
door-open-v2/TerminationRate                          0
drawer-close-v2/AverageDiscountedReturn              80.3747
drawer-close-v2/AverageReturn                       478.639
drawer-close-v2/Iteration                             6
drawer-close-v2/MaxReturn                          4753.99
drawer-close-v2/MinReturn                             0.597001
drawer-close-v2/NumEpisodes                          10
drawer-close-v2/StdReturn                          1425.12
drawer-close-v2/SuccessRate                           0.1
drawer-close-v2/TerminationRate                       0
peg-insert-side-v2/AverageDiscountedReturn            1.18955
peg-insert-side-v2/AverageReturn                      3.77021
peg-insert-side-v2/Iteration                          6
peg-insert-side-v2/MaxReturn                          5.40456
peg-insert-side-v2/MinReturn                          3.09185
peg-insert-side-v2/NumEpisodes                       10
peg-insert-side-v2/StdReturn                          0.713073
peg-insert-side-v2/SuccessRate                        0
peg-insert-side-v2/TerminationRate                    0
pick-place-v2/AverageDiscountedReturn                 0.382964
pick-place-v2/AverageReturn                           1.40569
pick-place-v2/Iteration                               6
pick-place-v2/MaxReturn                               1.7112
pick-place-v2/MinReturn                               0.930256
pick-place-v2/NumEpisodes                            10
pick-place-v2/StdReturn                               0.221106
pick-place-v2/SuccessRate                             0
pick-place-v2/TerminationRate                         0
policy/Entropy                                        5.66597
policy/KL                                             0.00550995
policy/KLBefore                                       0
policy/LossAfter                                     -0.122255
policy/LossBefore                                    -0.0671071
policy/dLoss                                          0.0551476
push-v2/AverageDiscountedReturn                       2.29647
push-v2/AverageReturn                                 5.33238
push-v2/Iteration                                     6
push-v2/MaxReturn                                     7.37152
push-v2/MinReturn                                     3.70031
push-v2/NumEpisodes                                  10
push-v2/StdReturn                                     1.21348
push-v2/SuccessRate                                   0
push-v2/TerminationRate                               0
reach-v2/AverageDiscountedReturn                     99.9958
reach-v2/AverageReturn                              320.048
reach-v2/Iteration                                    6
reach-v2/MaxReturn                                  434.69
reach-v2/MinReturn                                  254.183
reach-v2/NumEpisodes                                 10
reach-v2/StdReturn                                   54.079
reach-v2/SuccessRate                                  0
reach-v2/TerminationRate                              0
sweep-v2/AverageDiscountedReturn                      6.29754
sweep-v2/AverageReturn                               24.2814
sweep-v2/Iteration                                    6
sweep-v2/MaxReturn                                   29.5091
sweep-v2/MinReturn                                   17.9237
sweep-v2/NumEpisodes                                 10
sweep-v2/StdReturn                                    4.14111
sweep-v2/SuccessRate                                  0
sweep-v2/TerminationRate                              0
window-open-v2/AverageDiscountedReturn               37.822
window-open-v2/AverageReturn                        156.565
window-open-v2/Iteration                              6
window-open-v2/MaxReturn                            184.05
window-open-v2/MinReturn                            138.262
window-open-v2/NumEpisodes                           10
window-open-v2/StdReturn                             13.3219
window-open-v2/SuccessRate                            0
window-open-v2/TerminationRate                        0
-----------------------------------------------  ---------------
---------------------  -------
AverageTrainingReward  125.994
---------------------  -------
2024-12-08 11:46:55 | [rl2_ppo_metaworld_ml10] Epoch 7 | Obtaining samples...
2024-12-08 11:47:57 | [rl2_ppo_metaworld_ml10] Epoch 7 | epoch #0 | Optimizing policy...
2024-12-08 11:47:57 | [rl2_ppo_metaworld_ml10] Epoch 7 | epoch #0 | Fitting baseline...
2024-12-08 11:47:57 | [rl2_ppo_metaworld_ml10] Epoch 7 | epoch #0 | Computing loss before
2024-12-08 11:47:58 | [rl2_ppo_metaworld_ml10] Epoch 7 | epoch #0 | Computing KL before
2024-12-08 11:47:58 | [rl2_ppo_metaworld_ml10] Epoch 7 | epoch #0 | Optimizing
2024-12-08 11:48:32 | [rl2_ppo_metaworld_ml10] Epoch 7 | epoch #0 | Computing KL after
2024-12-08 11:48:32 | [rl2_ppo_metaworld_ml10] Epoch 7 | epoch #0 | Computing loss after
2024-12-08 11:48:33 | [rl2_ppo_metaworld_ml10] Epoch 7 | epoch #0 | Saving snapshot...
2024-12-08 11:48:33 | [rl2_ppo_metaworld_ml10] Epoch 7 | epoch #0 | Saved
2024-12-08 11:48:33 | [rl2_ppo_metaworld_ml10] Epoch 7 | epoch #0 | Time 97.69 s
2024-12-08 11:48:33 | [rl2_ppo_metaworld_ml10] Epoch 7 | epoch #0 | EpochTime 97.69 s
-----------------------------------------------  ---------------
Average/AverageDiscountedReturn                      21.6184
Average/AverageReturn                                73.5691
Average/Iteration                                     7
Average/MaxReturn                                   289.956
Average/MinReturn                                     1.63017
Average/NumEpisodes                                 100
Average/StdReturn                                    94.8425
Average/SuccessRate                                   0
Average/TerminationRate                               0
AverageTrainingReward                               125.994
LinearFeatureBaseline/ExplainedVariance               0.905535
TotalEnvSteps                                    750000
basketball-v2/AverageDiscountedReturn                 1.54942
basketball-v2/AverageReturn                           4.16877
basketball-v2/Iteration                               7
basketball-v2/MaxReturn                               5.51367
basketball-v2/MinReturn                               3.03673
basketball-v2/NumEpisodes                            10
basketball-v2/StdReturn                               0.825522
basketball-v2/SuccessRate                             0
basketball-v2/TerminationRate                         0
button-press-topdown-v2/AverageDiscountedReturn      20.49
button-press-topdown-v2/AverageReturn                63.3046
button-press-topdown-v2/Iteration                     7
button-press-topdown-v2/MaxReturn                    74.7706
button-press-topdown-v2/MinReturn                    50.039
button-press-topdown-v2/NumEpisodes                  10
button-press-topdown-v2/StdReturn                     7.7958
button-press-topdown-v2/SuccessRate                   0
button-press-topdown-v2/TerminationRate               0
door-open-v2/AverageDiscountedReturn                 58.3496
door-open-v2/AverageReturn                          273.713
door-open-v2/Iteration                                7
door-open-v2/MaxReturn                              284.214
door-open-v2/MinReturn                              261.658
door-open-v2/NumEpisodes                             10
door-open-v2/StdReturn                                7.91606
door-open-v2/SuccessRate                              0
door-open-v2/TerminationRate                          0
drawer-close-v2/AverageDiscountedReturn              13.2829
drawer-close-v2/AverageReturn                        20.4407
drawer-close-v2/Iteration                             7
drawer-close-v2/MaxReturn                            45.3766
drawer-close-v2/MinReturn                             2.90001
drawer-close-v2/NumEpisodes                          10
drawer-close-v2/StdReturn                            14.1495
drawer-close-v2/SuccessRate                           0
drawer-close-v2/TerminationRate                       0
peg-insert-side-v2/AverageDiscountedReturn            1.15956
peg-insert-side-v2/AverageReturn                      3.50018
peg-insert-side-v2/Iteration                          7
peg-insert-side-v2/MaxReturn                          4.59255
peg-insert-side-v2/MinReturn                          2.96354
peg-insert-side-v2/NumEpisodes                       10
peg-insert-side-v2/StdReturn                          0.445877
peg-insert-side-v2/SuccessRate                        0
peg-insert-side-v2/TerminationRate                    0
pick-place-v2/AverageDiscountedReturn                 0.717092
pick-place-v2/AverageReturn                           2.15261
pick-place-v2/Iteration                               7
pick-place-v2/MaxReturn                               3.16917
pick-place-v2/MinReturn                               1.63017
pick-place-v2/NumEpisodes                            10
pick-place-v2/StdReturn                               0.432494
pick-place-v2/SuccessRate                             0
pick-place-v2/TerminationRate                         0
policy/Entropy                                        5.65537
policy/KL                                             0.0073153
policy/KLBefore                                       0
policy/LossAfter                                      0.00105969
policy/LossBefore                                     0.00194929
policy/dLoss                                          0.0008896
push-v2/AverageDiscountedReturn                       1.99433
push-v2/AverageReturn                                 4.55674
push-v2/Iteration                                     7
push-v2/MaxReturn                                     5.17794
push-v2/MinReturn                                     3.90557
push-v2/NumEpisodes                                  10
push-v2/StdReturn                                     0.442283
push-v2/SuccessRate                                   0
push-v2/TerminationRate                               0
reach-v2/AverageDiscountedReturn                     77.2218
reach-v2/AverageReturn                              218.708
reach-v2/Iteration                                    7
reach-v2/MaxReturn                                  289.956
reach-v2/MinReturn                                  174.719
reach-v2/NumEpisodes                                 10
reach-v2/StdReturn                                   33.2063
reach-v2/SuccessRate                                  0
reach-v2/TerminationRate                              0
sweep-v2/AverageDiscountedReturn                      7.08521
sweep-v2/AverageReturn                               23.5013
sweep-v2/Iteration                                    7
sweep-v2/MaxReturn                                   30.2946
sweep-v2/MinReturn                                   16.2377
sweep-v2/NumEpisodes                                 10
sweep-v2/StdReturn                                    3.91872
sweep-v2/SuccessRate                                  0
sweep-v2/TerminationRate                              0
window-open-v2/AverageDiscountedReturn               34.3344
window-open-v2/AverageReturn                        121.645
window-open-v2/Iteration                              7
window-open-v2/MaxReturn                            135.089
window-open-v2/MinReturn                            114.089
window-open-v2/NumEpisodes                           10
window-open-v2/StdReturn                              7.06358
window-open-v2/SuccessRate                            0
window-open-v2/TerminationRate                        0
-----------------------------------------------  ---------------
---------------------  -------
AverageTrainingReward  170.729
---------------------  -------
2024-12-08 11:49:42 | [rl2_ppo_metaworld_ml10] Epoch 8 | Obtaining samples...
2024-12-08 11:50:43 | [rl2_ppo_metaworld_ml10] Epoch 8 | epoch #0 | Optimizing policy...
2024-12-08 11:50:44 | [rl2_ppo_metaworld_ml10] Epoch 8 | epoch #0 | Fitting baseline...
2024-12-08 11:50:44 | [rl2_ppo_metaworld_ml10] Epoch 8 | epoch #0 | Computing loss before
2024-12-08 11:50:44 | [rl2_ppo_metaworld_ml10] Epoch 8 | epoch #0 | Computing KL before
2024-12-08 11:50:45 | [rl2_ppo_metaworld_ml10] Epoch 8 | epoch #0 | Optimizing
2024-12-08 11:51:18 | [rl2_ppo_metaworld_ml10] Epoch 8 | epoch #0 | Computing KL after
2024-12-08 11:51:18 | [rl2_ppo_metaworld_ml10] Epoch 8 | epoch #0 | Computing loss after
2024-12-08 11:51:19 | [rl2_ppo_metaworld_ml10] Epoch 8 | epoch #0 | Saving snapshot...
2024-12-08 11:51:19 | [rl2_ppo_metaworld_ml10] Epoch 8 | epoch #0 | Saved
2024-12-08 11:51:19 | [rl2_ppo_metaworld_ml10] Epoch 8 | epoch #0 | Time 97.79 s
2024-12-08 11:51:19 | [rl2_ppo_metaworld_ml10] Epoch 8 | epoch #0 | EpochTime 97.79 s
-----------------------------------------------  ---------------
Average/AverageDiscountedReturn                      31.3583
Average/AverageReturn                               137.926
Average/Iteration                                     8
Average/MaxReturn                                  4803.95
Average/MinReturn                                     0.765272
Average/NumEpisodes                                 100
Average/StdReturn                                   482.779
Average/SuccessRate                                   0.01
Average/TerminationRate                               0
AverageTrainingReward                               170.729
LinearFeatureBaseline/ExplainedVariance               0.858157
TotalEnvSteps                                    850000
basketball-v2/AverageDiscountedReturn                 1.7179
basketball-v2/AverageReturn                           4.51433
basketball-v2/Iteration                               8
basketball-v2/MaxReturn                               5.57881
basketball-v2/MinReturn                               3.43616
basketball-v2/NumEpisodes                            10
basketball-v2/StdReturn                               0.687361
basketball-v2/SuccessRate                             0
basketball-v2/TerminationRate                         0
button-press-topdown-v2/AverageDiscountedReturn      23.6144
button-press-topdown-v2/AverageReturn                88.2377
button-press-topdown-v2/Iteration                     8
button-press-topdown-v2/MaxReturn                   101.642
button-press-topdown-v2/MinReturn                    71.4535
button-press-topdown-v2/NumEpisodes                  10
button-press-topdown-v2/StdReturn                     8.68077
button-press-topdown-v2/SuccessRate                   0
button-press-topdown-v2/TerminationRate               0
door-open-v2/AverageDiscountedReturn                 60.8876
door-open-v2/AverageReturn                          289.523
door-open-v2/Iteration                                8
door-open-v2/MaxReturn                              352.443
door-open-v2/MinReturn                              187.738
door-open-v2/NumEpisodes                             10
door-open-v2/StdReturn                               52.2074
door-open-v2/SuccessRate                              0
door-open-v2/TerminationRate                          0
drawer-close-v2/AverageDiscountedReturn              83.315
drawer-close-v2/AverageReturn                       482.312
drawer-close-v2/Iteration                             8
drawer-close-v2/MaxReturn                          4803.95
drawer-close-v2/MinReturn                             0.765272
drawer-close-v2/NumEpisodes                          10
drawer-close-v2/StdReturn                          1440.55
drawer-close-v2/SuccessRate                           0.1
drawer-close-v2/TerminationRate                       0
peg-insert-side-v2/AverageDiscountedReturn            1.3572
peg-insert-side-v2/AverageReturn                      3.24626
peg-insert-side-v2/Iteration                          8
peg-insert-side-v2/MaxReturn                          5.00677
peg-insert-side-v2/MinReturn                          2.18121
peg-insert-side-v2/NumEpisodes                       10
peg-insert-side-v2/StdReturn                          0.771703
peg-insert-side-v2/SuccessRate                        0
peg-insert-side-v2/TerminationRate                    0
pick-place-v2/AverageDiscountedReturn                 0.788949
pick-place-v2/AverageReturn                           1.98417
pick-place-v2/Iteration                               8
pick-place-v2/MaxReturn                               3.49537
pick-place-v2/MinReturn                               1.41703
pick-place-v2/NumEpisodes                            10
pick-place-v2/StdReturn                               0.627156
pick-place-v2/SuccessRate                             0
pick-place-v2/TerminationRate                         0
policy/Entropy                                        5.64538
policy/KL                                             0.00575906
policy/KLBefore                                       0
policy/LossAfter                                     -0.231677
policy/LossBefore                                    -0.176081
policy/dLoss                                          0.0555959
push-v2/AverageDiscountedReturn                       2.60194
push-v2/AverageReturn                                 6.1193
push-v2/Iteration                                     8
push-v2/MaxReturn                                     7.09257
push-v2/MinReturn                                     5.08031
push-v2/NumEpisodes                                  10
push-v2/StdReturn                                     0.564988
push-v2/SuccessRate                                   0
push-v2/TerminationRate                               0
reach-v2/AverageDiscountedReturn                     91.5272
reach-v2/AverageReturn                              290.542
reach-v2/Iteration                                    8
reach-v2/MaxReturn                                  330.296
reach-v2/MinReturn                                  238.496
reach-v2/NumEpisodes                                 10
reach-v2/StdReturn                                   29.6671
reach-v2/SuccessRate                                  0
reach-v2/TerminationRate                              0
sweep-v2/AverageDiscountedReturn                      7.32045
sweep-v2/AverageReturn                               33.9099
sweep-v2/Iteration                                    8
sweep-v2/MaxReturn                                   40.7708
sweep-v2/MinReturn                                   20.6558
sweep-v2/NumEpisodes                                 10
sweep-v2/StdReturn                                    6.0412
sweep-v2/SuccessRate                                  0
sweep-v2/TerminationRate                              0
window-open-v2/AverageDiscountedReturn               40.4519
window-open-v2/AverageReturn                        178.876
window-open-v2/Iteration                              8
window-open-v2/MaxReturn                            212.281
window-open-v2/MinReturn                            158.005
window-open-v2/NumEpisodes                           10
window-open-v2/StdReturn                             14.9941
window-open-v2/SuccessRate                            0
window-open-v2/TerminationRate                        0
-----------------------------------------------  ---------------
---------------------  -------
AverageTrainingReward  100.031
---------------------  -------
2024-12-08 11:52:28 | [rl2_ppo_metaworld_ml10] Epoch 9 | Obtaining samples...
2024-12-08 11:53:30 | [rl2_ppo_metaworld_ml10] Epoch 9 | epoch #0 | Optimizing policy...
2024-12-08 11:53:30 | [rl2_ppo_metaworld_ml10] Epoch 9 | epoch #0 | Fitting baseline...
2024-12-08 11:53:30 | [rl2_ppo_metaworld_ml10] Epoch 9 | epoch #0 | Computing loss before
2024-12-08 11:53:31 | [rl2_ppo_metaworld_ml10] Epoch 9 | epoch #0 | Computing KL before
2024-12-08 11:53:31 | [rl2_ppo_metaworld_ml10] Epoch 9 | epoch #0 | Optimizing
2024-12-08 11:54:04 | [rl2_ppo_metaworld_ml10] Epoch 9 | epoch #0 | Computing KL after
2024-12-08 11:54:05 | [rl2_ppo_metaworld_ml10] Epoch 9 | epoch #0 | Computing loss after
2024-12-08 11:54:05 | [rl2_ppo_metaworld_ml10] Epoch 9 | epoch #0 | Saving snapshot...
2024-12-08 11:54:06 | [rl2_ppo_metaworld_ml10] Epoch 9 | epoch #0 | Saved
2024-12-08 11:54:06 | [rl2_ppo_metaworld_ml10] Epoch 9 | epoch #0 | Time 97.89 s
2024-12-08 11:54:06 | [rl2_ppo_metaworld_ml10] Epoch 9 | epoch #0 | EpochTime 97.89 s
-----------------------------------------------  ---------------
Average/AverageDiscountedReturn                      46.7007
Average/AverageReturn                               234.308
Average/Iteration                                     9
Average/MaxReturn                                  4794.32
Average/MinReturn                                     1.30055
Average/NumEpisodes                                 100
Average/StdReturn                                   799.811
Average/SuccessRate                                   0.03
Average/TerminationRate                               0
AverageTrainingReward                               100.031
LinearFeatureBaseline/ExplainedVariance               0.826286
TotalEnvSteps                                    950000
basketball-v2/AverageDiscountedReturn                 1.62717
basketball-v2/AverageReturn                           4.91757
basketball-v2/Iteration                               9
basketball-v2/MaxReturn                               8.31978
basketball-v2/MinReturn                               2.42913
basketball-v2/NumEpisodes                            10
basketball-v2/StdReturn                               1.67764
basketball-v2/SuccessRate                             0
basketball-v2/TerminationRate                         0
button-press-topdown-v2/AverageDiscountedReturn      23.0551
button-press-topdown-v2/AverageReturn                84.0778
button-press-topdown-v2/Iteration                     9
button-press-topdown-v2/MaxReturn                    97.8451
button-press-topdown-v2/MinReturn                    65.6121
button-press-topdown-v2/NumEpisodes                  10
button-press-topdown-v2/StdReturn                    11.4875
button-press-topdown-v2/SuccessRate                   0
button-press-topdown-v2/TerminationRate               0
door-open-v2/AverageDiscountedReturn                 63.1838
door-open-v2/AverageReturn                          304.338
door-open-v2/Iteration                                9
door-open-v2/MaxReturn                              382.596
door-open-v2/MinReturn                              183.282
door-open-v2/NumEpisodes                             10
door-open-v2/StdReturn                               78.3296
door-open-v2/SuccessRate                              0
door-open-v2/TerminationRate                          0
drawer-close-v2/AverageDiscountedReturn             229.797
drawer-close-v2/AverageReturn                      1421.87
drawer-close-v2/Iteration                             9
drawer-close-v2/MaxReturn                          4794.32
drawer-close-v2/MinReturn                             1.6751
drawer-close-v2/NumEpisodes                          10
drawer-close-v2/StdReturn                          2162.88
drawer-close-v2/SuccessRate                           0.3
drawer-close-v2/TerminationRate                       0
peg-insert-side-v2/AverageDiscountedReturn            1.65568
peg-insert-side-v2/AverageReturn                      7.32348
peg-insert-side-v2/Iteration                          9
peg-insert-side-v2/MaxReturn                          9.00555
peg-insert-side-v2/MinReturn                          5.92318
peg-insert-side-v2/NumEpisodes                       10
peg-insert-side-v2/StdReturn                          1.02838
peg-insert-side-v2/SuccessRate                        0
peg-insert-side-v2/TerminationRate                    0
pick-place-v2/AverageDiscountedReturn                 0.48894
pick-place-v2/AverageReturn                           1.86928
pick-place-v2/Iteration                               9
pick-place-v2/MaxReturn                               3.67017
pick-place-v2/MinReturn                               1.30055
pick-place-v2/NumEpisodes                            10
pick-place-v2/StdReturn                               0.686825
pick-place-v2/SuccessRate                             0
pick-place-v2/TerminationRate                         0
policy/Entropy                                        5.64686
policy/KL                                             0.00864154
policy/KLBefore                                       0
policy/LossAfter                                     -0.160759
policy/LossBefore                                    -0.0807753
policy/dLoss                                          0.0799841
push-v2/AverageDiscountedReturn                       2.35081
push-v2/AverageReturn                                 5.98126
push-v2/Iteration                                     9
push-v2/MaxReturn                                     7.0456
push-v2/MinReturn                                     4.21905
push-v2/NumEpisodes                                  10
push-v2/StdReturn                                     0.889717
push-v2/SuccessRate                                   0
push-v2/TerminationRate                               0
reach-v2/AverageDiscountedReturn                     99.7654
reach-v2/AverageReturn                              334.761
reach-v2/Iteration                                    9
reach-v2/MaxReturn                                  402.541
reach-v2/MinReturn                                  232.52
reach-v2/NumEpisodes                                 10
reach-v2/StdReturn                                   49.1321
reach-v2/SuccessRate                                  0
reach-v2/TerminationRate                              0
sweep-v2/AverageDiscountedReturn                      4.64265
sweep-v2/AverageReturn                               19.5638
sweep-v2/Iteration                                    9
sweep-v2/MaxReturn                                   29.4789
sweep-v2/MinReturn                                   14.4891
sweep-v2/NumEpisodes                                 10
sweep-v2/StdReturn                                    4.0674
sweep-v2/SuccessRate                                  0
sweep-v2/TerminationRate                              0
window-open-v2/AverageDiscountedReturn               40.4406
window-open-v2/AverageReturn                        158.379
window-open-v2/Iteration                              9
window-open-v2/MaxReturn                            185.177
window-open-v2/MinReturn                            141.577
window-open-v2/NumEpisodes                           10
window-open-v2/StdReturn                             12.5857
window-open-v2/SuccessRate                            0
window-open-v2/TerminationRate                        0
-----------------------------------------------  ---------------
---------------------  -------
AverageTrainingReward  129.138
---------------------  -------
